2025-11-12 17:57:39,768 - __main__ - INFO - Starting scraper for: laptops, desktops
2025-11-12 17:57:39,769 - src.scraper - INFO - ==================================================
2025-11-12 17:57:39,769 - src.scraper - INFO - Starting manua.ls scraper
2025-11-12 17:57:39,769 - src.scraper - INFO - ==================================================
2025-11-12 17:57:39,770 - src.scraper - INFO - 
Processing category: laptops
2025-11-12 17:57:39,770 - src.scraper - INFO - --------------------------------------------------
2025-11-12 17:57:39,770 - src.scraper - INFO - Starting scrape of laptops from https://www.manua.ls/computers-and-accessories/laptops
2025-11-12 17:57:39,770 - src.scraper - INFO - Using hardcoded 151 pages for laptops (15,193 manuals)
2025-11-12 17:57:39,770 - src.scraper - INFO - Will scrape 151 pages for laptops
2025-11-12 17:57:39,771 - src.scraper - INFO - Scraping page 1/151
2025-11-12 17:57:40,365 - src.scraper - INFO - Found 100 manual links on https://www.manua.ls/computers-and-accessories/laptops
2025-11-12 17:57:41,367 - src.scraper - INFO - Scraping page 2/151
2025-11-12 17:57:41,600 - src.scraper - INFO - Found 100 manual links on https://www.manua.ls/computers-and-accessories/laptops?p=2
2025-11-12 17:57:42,602 - src.scraper - INFO - Scraping page 3/151
2025-11-12 17:57:42,873 - src.scraper - INFO - Found 100 manual links on https://www.manua.ls/computers-and-accessories/laptops?p=3
2025-11-12 17:57:43,874 - src.scraper - INFO - Scraping page 4/151
2025-11-12 17:57:44,163 - src.scraper - INFO - Found 100 manual links on https://www.manua.ls/computers-and-accessories/laptops?p=4
2025-11-12 17:57:45,164 - src.scraper - INFO - Scraping page 5/151
2025-11-12 17:57:45,433 - src.scraper - INFO - Found 100 manual links on https://www.manua.ls/computers-and-accessories/laptops?p=5
2025-11-12 17:57:46,433 - src.scraper - INFO - Scraping page 6/151
2025-11-12 17:57:46,723 - src.scraper - INFO - Found 100 manual links on https://www.manua.ls/computers-and-accessories/laptops?p=6
2025-11-12 17:57:47,724 - src.scraper - INFO - Scraping page 7/151
2025-11-12 17:57:48,007 - src.scraper - INFO - Found 100 manual links on https://www.manua.ls/computers-and-accessories/laptops?p=7
2025-11-12 17:57:49,008 - src.scraper - INFO - Scraping page 8/151
2025-11-12 17:57:49,538 - src.scraper - INFO - Found 100 manual links on https://www.manua.ls/computers-and-accessories/laptops?p=8
2025-11-12 17:57:50,540 - src.scraper - INFO - Scraping page 9/151
2025-11-12 17:57:50,782 - src.scraper - INFO - Found 100 manual links on https://www.manua.ls/computers-and-accessories/laptops?p=9
2025-11-12 17:57:51,783 - src.scraper - INFO - Scraping page 10/151
2025-11-12 17:57:52,373 - src.scraper - INFO - Found 100 manual links on https://www.manua.ls/computers-and-accessories/laptops?p=10
2025-11-12 17:57:53,374 - src.scraper - INFO - Scraping page 11/151
2025-11-12 17:57:53,883 - src.scraper - INFO - Found 100 manual links on https://www.manua.ls/computers-and-accessories/laptops?p=11
2025-11-12 17:57:54,885 - src.scraper - INFO - Scraping page 12/151
2025-11-12 17:57:55,421 - src.scraper - INFO - Found 100 manual links on https://www.manua.ls/computers-and-accessories/laptops?p=12
2025-11-12 17:57:56,422 - src.scraper - INFO - Scraping page 13/151
2025-11-12 17:57:56,867 - src.scraper - INFO - Found 100 manual links on https://www.manua.ls/computers-and-accessories/laptops?p=13
2025-11-12 17:57:57,869 - src.scraper - INFO - Scraping page 14/151
2025-11-12 17:57:58,286 - src.scraper - INFO - Found 100 manual links on https://www.manua.ls/computers-and-accessories/laptops?p=14
2025-11-12 17:57:59,287 - src.scraper - INFO - Scraping page 15/151
2025-11-12 17:57:59,724 - src.scraper - INFO - Found 100 manual links on https://www.manua.ls/computers-and-accessories/laptops?p=15
2025-11-12 17:58:00,725 - src.scraper - INFO - Scraping page 16/151
2025-11-12 17:58:01,294 - src.scraper - INFO - Found 100 manual links on https://www.manua.ls/computers-and-accessories/laptops?p=16
2025-11-12 17:58:02,294 - src.scraper - INFO - Scraping page 17/151
2025-11-12 17:58:02,768 - src.scraper - INFO - Found 100 manual links on https://www.manua.ls/computers-and-accessories/laptops?p=17
2025-11-12 17:58:03,769 - src.scraper - INFO - Scraping page 18/151
2025-11-12 17:58:04,243 - src.scraper - INFO - Found 100 manual links on https://www.manua.ls/computers-and-accessories/laptops?p=18
2025-11-12 17:58:05,244 - src.scraper - INFO - Scraping page 19/151
2025-11-12 17:58:05,675 - src.scraper - INFO - Found 100 manual links on https://www.manua.ls/computers-and-accessories/laptops?p=19
2025-11-12 17:58:06,676 - src.scraper - INFO - Scraping page 20/151
2025-11-12 17:58:07,095 - src.scraper - INFO - Found 100 manual links on https://www.manua.ls/computers-and-accessories/laptops?p=20
2025-11-12 17:58:08,095 - src.scraper - INFO - Scraping page 21/151
2025-11-12 17:58:08,520 - src.scraper - INFO - Found 100 manual links on https://www.manua.ls/computers-and-accessories/laptops?p=21
2025-11-12 17:58:09,521 - src.scraper - INFO - Scraping page 22/151
2025-11-12 17:58:10,030 - src.scraper - INFO - Found 100 manual links on https://www.manua.ls/computers-and-accessories/laptops?p=22
2025-11-12 17:58:11,031 - src.scraper - INFO - Scraping page 23/151
2025-11-12 17:58:11,563 - src.scraper - INFO - Found 100 manual links on https://www.manua.ls/computers-and-accessories/laptops?p=23
2025-11-12 17:58:12,564 - src.scraper - INFO - Scraping page 24/151
2025-11-12 17:58:12,987 - src.scraper - INFO - Found 100 manual links on https://www.manua.ls/computers-and-accessories/laptops?p=24
2025-11-12 17:58:13,988 - src.scraper - INFO - Scraping page 25/151
2025-11-12 17:58:14,412 - src.scraper - INFO - Found 100 manual links on https://www.manua.ls/computers-and-accessories/laptops?p=25
2025-11-12 17:58:15,413 - src.scraper - INFO - Scraping page 26/151
2025-11-12 17:58:15,846 - src.scraper - INFO - Found 100 manual links on https://www.manua.ls/computers-and-accessories/laptops?p=26
2025-11-12 17:58:16,847 - src.scraper - INFO - Scraping page 27/151
2025-11-12 17:58:17,444 - src.scraper - INFO - Found 100 manual links on https://www.manua.ls/computers-and-accessories/laptops?p=27
2025-11-12 17:58:18,446 - src.scraper - INFO - Scraping page 28/151
2025-11-12 17:58:19,031 - src.scraper - INFO - Found 100 manual links on https://www.manua.ls/computers-and-accessories/laptops?p=28
2025-11-12 17:58:20,032 - src.scraper - INFO - Scraping page 29/151
2025-11-12 17:58:20,597 - src.scraper - INFO - Found 100 manual links on https://www.manua.ls/computers-and-accessories/laptops?p=29
2025-11-12 17:58:21,599 - src.scraper - INFO - Scraping page 30/151
2025-11-12 17:58:22,089 - src.scraper - INFO - Found 100 manual links on https://www.manua.ls/computers-and-accessories/laptops?p=30
2025-11-12 17:58:23,090 - src.scraper - INFO - Scraping page 31/151
2025-11-12 17:58:23,505 - src.scraper - INFO - Found 100 manual links on https://www.manua.ls/computers-and-accessories/laptops?p=31
2025-11-12 17:58:24,507 - src.scraper - INFO - Scraping page 32/151
2025-11-12 17:58:24,953 - src.scraper - INFO - Found 100 manual links on https://www.manua.ls/computers-and-accessories/laptops?p=32
2025-11-12 17:58:25,954 - src.scraper - INFO - Scraping page 33/151
2025-11-12 17:58:26,442 - src.scraper - INFO - Found 100 manual links on https://www.manua.ls/computers-and-accessories/laptops?p=33
2025-11-12 17:58:27,443 - src.scraper - INFO - Scraping page 34/151
2025-11-12 17:58:27,963 - src.scraper - INFO - Found 100 manual links on https://www.manua.ls/computers-and-accessories/laptops?p=34
2025-11-12 17:58:28,964 - src.scraper - INFO - Scraping page 35/151
2025-11-12 17:58:29,407 - src.scraper - INFO - Found 100 manual links on https://www.manua.ls/computers-and-accessories/laptops?p=35
2025-11-12 17:58:30,409 - src.scraper - INFO - Scraping page 36/151
2025-11-12 17:58:30,844 - src.scraper - INFO - Found 100 manual links on https://www.manua.ls/computers-and-accessories/laptops?p=36
2025-11-12 17:58:31,845 - src.scraper - INFO - Scraping page 37/151
2025-11-12 17:58:32,272 - src.scraper - INFO - Found 100 manual links on https://www.manua.ls/computers-and-accessories/laptops?p=37
2025-11-12 17:58:33,273 - src.scraper - INFO - Scraping page 38/151
2025-11-12 17:58:33,740 - src.scraper - INFO - Found 100 manual links on https://www.manua.ls/computers-and-accessories/laptops?p=38
2025-11-12 17:58:34,741 - src.scraper - INFO - Scraping page 39/151
2025-11-12 17:58:35,258 - src.scraper - INFO - Found 100 manual links on https://www.manua.ls/computers-and-accessories/laptops?p=39
2025-11-12 17:58:36,259 - src.scraper - INFO - Scraping page 40/151
2025-11-12 17:58:36,707 - src.scraper - INFO - Found 100 manual links on https://www.manua.ls/computers-and-accessories/laptops?p=40
2025-11-12 17:58:37,708 - src.scraper - INFO - Scraping page 41/151
2025-11-12 17:58:38,238 - src.scraper - INFO - Found 100 manual links on https://www.manua.ls/computers-and-accessories/laptops?p=41
2025-11-12 17:58:39,240 - src.scraper - INFO - Scraping page 42/151
2025-11-12 17:58:39,755 - src.scraper - INFO - Found 100 manual links on https://www.manua.ls/computers-and-accessories/laptops?p=42
2025-11-12 17:58:40,755 - src.scraper - INFO - Scraping page 43/151
2025-11-12 17:58:41,236 - src.scraper - INFO - Found 100 manual links on https://www.manua.ls/computers-and-accessories/laptops?p=43
2025-11-12 17:58:42,237 - src.scraper - INFO - Scraping page 44/151
2025-11-12 17:58:42,725 - src.scraper - INFO - Found 100 manual links on https://www.manua.ls/computers-and-accessories/laptops?p=44
2025-11-12 17:58:43,726 - src.scraper - INFO - Scraping page 45/151
2025-11-12 17:58:44,226 - src.scraper - INFO - Found 100 manual links on https://www.manua.ls/computers-and-accessories/laptops?p=45
2025-11-12 17:58:45,227 - src.scraper - INFO - Scraping page 46/151
2025-11-12 17:58:45,805 - src.scraper - INFO - Found 100 manual links on https://www.manua.ls/computers-and-accessories/laptops?p=46
2025-11-12 17:58:46,805 - src.scraper - INFO - Scraping page 47/151
2025-11-12 17:58:47,739 - src.scraper - INFO - Found 100 manual links on https://www.manua.ls/computers-and-accessories/laptops?p=47
2025-11-12 17:58:48,740 - src.scraper - INFO - Scraping page 48/151
2025-11-12 17:58:49,337 - src.scraper - INFO - Found 100 manual links on https://www.manua.ls/computers-and-accessories/laptops?p=48
2025-11-12 17:58:50,338 - src.scraper - INFO - Scraping page 49/151
2025-11-12 17:58:51,745 - src.scraper - INFO - Found 100 manual links on https://www.manua.ls/computers-and-accessories/laptops?p=49
2025-11-12 17:58:52,747 - src.scraper - INFO - Scraping page 50/151
2025-11-12 17:58:53,257 - src.scraper - INFO - Found 100 manual links on https://www.manua.ls/computers-and-accessories/laptops?p=50
2025-11-12 17:58:54,259 - src.scraper - INFO - Scraping page 51/151
2025-11-12 17:58:54,765 - src.scraper - INFO - Found 100 manual links on https://www.manua.ls/computers-and-accessories/laptops?p=51
2025-11-12 17:58:55,767 - src.scraper - INFO - Scraping page 52/151
2025-11-12 17:58:56,209 - src.scraper - INFO - Found 100 manual links on https://www.manua.ls/computers-and-accessories/laptops?p=52
2025-11-12 17:58:57,210 - src.scraper - INFO - Scraping page 53/151
2025-11-12 17:58:57,637 - src.scraper - INFO - Found 100 manual links on https://www.manua.ls/computers-and-accessories/laptops?p=53
2025-11-12 17:58:58,639 - src.scraper - INFO - Scraping page 54/151
2025-11-12 17:58:59,150 - src.scraper - INFO - Found 100 manual links on https://www.manua.ls/computers-and-accessories/laptops?p=54
2025-11-12 17:59:00,152 - src.scraper - INFO - Scraping page 55/151
2025-11-12 17:59:00,666 - src.scraper - INFO - Found 100 manual links on https://www.manua.ls/computers-and-accessories/laptops?p=55
2025-11-12 17:59:01,667 - src.scraper - INFO - Scraping page 56/151
2025-11-12 17:59:02,103 - src.scraper - INFO - Found 100 manual links on https://www.manua.ls/computers-and-accessories/laptops?p=56
2025-11-12 17:59:03,103 - src.scraper - INFO - Scraping page 57/151
2025-11-12 17:59:03,544 - src.scraper - INFO - Found 100 manual links on https://www.manua.ls/computers-and-accessories/laptops?p=57
2025-11-12 17:59:04,546 - src.scraper - INFO - Scraping page 58/151
2025-11-12 17:59:04,999 - src.scraper - INFO - Found 100 manual links on https://www.manua.ls/computers-and-accessories/laptops?p=58
2025-11-12 17:59:06,000 - src.scraper - INFO - Scraping page 59/151
2025-11-12 17:59:06,515 - src.scraper - INFO - Found 100 manual links on https://www.manua.ls/computers-and-accessories/laptops?p=59
2025-11-12 17:59:07,517 - src.scraper - INFO - Scraping page 60/151
2025-11-12 17:59:08,040 - src.scraper - INFO - Found 100 manual links on https://www.manua.ls/computers-and-accessories/laptops?p=60
2025-11-12 17:59:09,041 - src.scraper - INFO - Scraping page 61/151
2025-11-12 17:59:09,570 - src.scraper - INFO - Found 100 manual links on https://www.manua.ls/computers-and-accessories/laptops?p=61
2025-11-12 17:59:10,571 - src.scraper - INFO - Scraping page 62/151
2025-11-12 17:59:11,074 - src.scraper - INFO - Found 100 manual links on https://www.manua.ls/computers-and-accessories/laptops?p=62
2025-11-12 17:59:12,075 - src.scraper - INFO - Scraping page 63/151
2025-11-12 17:59:12,597 - src.scraper - INFO - Found 100 manual links on https://www.manua.ls/computers-and-accessories/laptops?p=63
2025-11-12 17:59:13,599 - src.scraper - INFO - Scraping page 64/151
2025-11-12 17:59:14,008 - src.scraper - INFO - Found 100 manual links on https://www.manua.ls/computers-and-accessories/laptops?p=64
2025-11-12 17:59:15,009 - src.scraper - INFO - Scraping page 65/151
2025-11-12 17:59:15,444 - src.scraper - INFO - Found 100 manual links on https://www.manua.ls/computers-and-accessories/laptops?p=65
2025-11-12 17:59:16,445 - src.scraper - INFO - Scraping page 66/151
2025-11-12 17:59:16,986 - src.scraper - INFO - Found 100 manual links on https://www.manua.ls/computers-and-accessories/laptops?p=66
2025-11-12 17:59:17,987 - src.scraper - INFO - Scraping page 67/151
2025-11-12 17:59:18,527 - src.scraper - INFO - Found 100 manual links on https://www.manua.ls/computers-and-accessories/laptops?p=67
2025-11-12 17:59:19,529 - src.scraper - INFO - Scraping page 68/151
2025-11-12 17:59:20,053 - src.scraper - INFO - Found 100 manual links on https://www.manua.ls/computers-and-accessories/laptops?p=68
2025-11-12 17:59:21,055 - src.scraper - INFO - Scraping page 69/151
2025-11-12 17:59:21,722 - src.scraper - INFO - Found 100 manual links on https://www.manua.ls/computers-and-accessories/laptops?p=69
2025-11-12 17:59:22,723 - src.scraper - INFO - Scraping page 70/151
2025-11-12 17:59:23,248 - src.scraper - INFO - Found 100 manual links on https://www.manua.ls/computers-and-accessories/laptops?p=70
2025-11-12 17:59:24,249 - src.scraper - INFO - Scraping page 71/151
2025-11-12 17:59:24,806 - src.scraper - INFO - Found 100 manual links on https://www.manua.ls/computers-and-accessories/laptops?p=71
2025-11-12 17:59:25,807 - src.scraper - INFO - Scraping page 72/151
2025-11-12 17:59:26,368 - src.scraper - INFO - Found 100 manual links on https://www.manua.ls/computers-and-accessories/laptops?p=72
2025-11-12 17:59:27,369 - src.scraper - INFO - Scraping page 73/151
2025-11-12 17:59:27,911 - src.scraper - INFO - Found 100 manual links on https://www.manua.ls/computers-and-accessories/laptops?p=73
2025-11-12 17:59:28,912 - src.scraper - INFO - Scraping page 74/151
2025-11-12 17:59:29,402 - src.scraper - INFO - Found 100 manual links on https://www.manua.ls/computers-and-accessories/laptops?p=74
2025-11-12 17:59:30,404 - src.scraper - INFO - Scraping page 75/151
2025-11-12 17:59:30,926 - src.scraper - INFO - Found 100 manual links on https://www.manua.ls/computers-and-accessories/laptops?p=75
2025-11-12 17:59:31,927 - src.scraper - INFO - Scraping page 76/151
2025-11-12 17:59:32,411 - src.scraper - INFO - Found 100 manual links on https://www.manua.ls/computers-and-accessories/laptops?p=76
2025-11-12 17:59:33,413 - src.scraper - INFO - Scraping page 77/151
2025-11-12 17:59:33,934 - src.scraper - INFO - Found 100 manual links on https://www.manua.ls/computers-and-accessories/laptops?p=77
2025-11-12 17:59:34,935 - src.scraper - INFO - Scraping page 78/151
2025-11-12 17:59:35,387 - src.scraper - INFO - Found 100 manual links on https://www.manua.ls/computers-and-accessories/laptops?p=78
2025-11-12 17:59:36,388 - src.scraper - INFO - Scraping page 79/151
2025-11-12 17:59:36,926 - src.scraper - INFO - Found 100 manual links on https://www.manua.ls/computers-and-accessories/laptops?p=79
2025-11-12 17:59:37,927 - src.scraper - INFO - Scraping page 80/151
2025-11-12 17:59:38,350 - src.scraper - INFO - Found 100 manual links on https://www.manua.ls/computers-and-accessories/laptops?p=80
2025-11-12 17:59:39,351 - src.scraper - INFO - Scraping page 81/151
2025-11-12 17:59:39,787 - src.scraper - INFO - Found 100 manual links on https://www.manua.ls/computers-and-accessories/laptops?p=81
2025-11-12 17:59:40,788 - src.scraper - INFO - Scraping page 82/151
2025-11-12 17:59:41,328 - src.scraper - INFO - Found 100 manual links on https://www.manua.ls/computers-and-accessories/laptops?p=82
2025-11-12 17:59:42,329 - src.scraper - INFO - Scraping page 83/151
2025-11-12 17:59:42,891 - src.scraper - INFO - Found 100 manual links on https://www.manua.ls/computers-and-accessories/laptops?p=83
2025-11-12 17:59:43,892 - src.scraper - INFO - Scraping page 84/151
2025-11-12 17:59:44,408 - src.scraper - INFO - Found 100 manual links on https://www.manua.ls/computers-and-accessories/laptops?p=84
2025-11-12 17:59:45,409 - src.scraper - INFO - Scraping page 85/151
2025-11-12 17:59:45,845 - src.scraper - INFO - Found 100 manual links on https://www.manua.ls/computers-and-accessories/laptops?p=85
2025-11-12 17:59:46,846 - src.scraper - INFO - Scraping page 86/151
2025-11-12 17:59:47,275 - src.scraper - INFO - Found 100 manual links on https://www.manua.ls/computers-and-accessories/laptops?p=86
2025-11-12 17:59:48,276 - src.scraper - INFO - Scraping page 87/151
2025-11-12 17:59:48,790 - src.scraper - INFO - Found 100 manual links on https://www.manua.ls/computers-and-accessories/laptops?p=87
2025-11-12 17:59:49,791 - src.scraper - INFO - Scraping page 88/151
2025-11-12 17:59:50,318 - src.scraper - INFO - Found 100 manual links on https://www.manua.ls/computers-and-accessories/laptops?p=88
2025-11-12 17:59:51,319 - src.scraper - INFO - Scraping page 89/151
2025-11-12 17:59:51,733 - src.scraper - INFO - Found 100 manual links on https://www.manua.ls/computers-and-accessories/laptops?p=89
2025-11-12 17:59:52,734 - src.scraper - INFO - Scraping page 90/151
2025-11-12 17:59:53,273 - src.scraper - INFO - Found 100 manual links on https://www.manua.ls/computers-and-accessories/laptops?p=90
2025-11-12 17:59:54,274 - src.scraper - INFO - Scraping page 91/151
2025-11-12 17:59:54,783 - src.scraper - INFO - Found 100 manual links on https://www.manua.ls/computers-and-accessories/laptops?p=91
2025-11-12 17:59:55,785 - src.scraper - INFO - Scraping page 92/151
2025-11-12 17:59:56,368 - src.scraper - INFO - Found 100 manual links on https://www.manua.ls/computers-and-accessories/laptops?p=92
2025-11-12 17:59:57,369 - src.scraper - INFO - Scraping page 93/151
2025-11-12 17:59:57,881 - src.scraper - INFO - Found 100 manual links on https://www.manua.ls/computers-and-accessories/laptops?p=93
2025-11-12 17:59:58,883 - src.scraper - INFO - Scraping page 94/151
2025-11-12 17:59:59,446 - src.scraper - INFO - Found 100 manual links on https://www.manua.ls/computers-and-accessories/laptops?p=94
2025-11-12 18:00:00,448 - src.scraper - INFO - Scraping page 95/151
2025-11-12 18:00:00,966 - src.scraper - INFO - Found 100 manual links on https://www.manua.ls/computers-and-accessories/laptops?p=95
2025-11-12 18:00:01,968 - src.scraper - INFO - Scraping page 96/151
2025-11-12 18:00:02,508 - src.scraper - INFO - Found 100 manual links on https://www.manua.ls/computers-and-accessories/laptops?p=96
2025-11-12 18:00:03,510 - src.scraper - INFO - Scraping page 97/151
2025-11-12 18:00:04,053 - src.scraper - INFO - Found 100 manual links on https://www.manua.ls/computers-and-accessories/laptops?p=97
2025-11-12 18:00:05,055 - src.scraper - INFO - Scraping page 98/151
2025-11-12 18:00:05,539 - src.scraper - INFO - Found 100 manual links on https://www.manua.ls/computers-and-accessories/laptops?p=98
2025-11-12 18:00:06,539 - src.scraper - INFO - Scraping page 99/151
2025-11-12 18:00:07,014 - src.scraper - INFO - Found 100 manual links on https://www.manua.ls/computers-and-accessories/laptops?p=99
2025-11-12 18:00:08,014 - src.scraper - INFO - Scraping page 100/151
2025-11-12 18:00:08,279 - src.scraper - INFO - Found 100 manual links on https://www.manua.ls/computers-and-accessories/laptops?p=100
2025-11-12 18:00:09,279 - src.scraper - INFO - Scraping page 101/151
2025-11-12 18:00:09,706 - src.scraper - INFO - Found 100 manual links on https://www.manua.ls/computers-and-accessories/laptops?p=101
2025-11-12 18:00:10,706 - src.scraper - INFO - Scraping page 102/151
2025-11-12 18:00:11,208 - src.scraper - INFO - Found 100 manual links on https://www.manua.ls/computers-and-accessories/laptops?p=102
2025-11-12 18:00:12,210 - src.scraper - INFO - Scraping page 103/151
2025-11-12 18:00:12,700 - src.scraper - INFO - Found 100 manual links on https://www.manua.ls/computers-and-accessories/laptops?p=103
2025-11-12 18:00:13,700 - src.scraper - INFO - Scraping page 104/151
2025-11-12 18:00:14,230 - src.scraper - INFO - Found 100 manual links on https://www.manua.ls/computers-and-accessories/laptops?p=104
2025-11-12 18:00:15,232 - src.scraper - INFO - Scraping page 105/151
2025-11-12 18:00:15,675 - src.scraper - INFO - Found 100 manual links on https://www.manua.ls/computers-and-accessories/laptops?p=105
2025-11-12 18:00:16,676 - src.scraper - INFO - Scraping page 106/151
2025-11-12 18:00:17,242 - src.scraper - INFO - Found 100 manual links on https://www.manua.ls/computers-and-accessories/laptops?p=106
2025-11-12 18:00:18,243 - src.scraper - INFO - Scraping page 107/151
2025-11-12 18:00:18,758 - src.scraper - INFO - Found 100 manual links on https://www.manua.ls/computers-and-accessories/laptops?p=107
2025-11-12 18:00:19,759 - src.scraper - INFO - Scraping page 108/151
2025-11-12 18:00:20,194 - src.scraper - INFO - Found 100 manual links on https://www.manua.ls/computers-and-accessories/laptops?p=108
2025-11-12 18:00:21,195 - src.scraper - INFO - Scraping page 109/151
2025-11-12 18:00:21,717 - src.scraper - INFO - Found 100 manual links on https://www.manua.ls/computers-and-accessories/laptops?p=109
2025-11-12 18:00:22,718 - src.scraper - INFO - Scraping page 110/151
2025-11-12 18:00:23,202 - src.scraper - INFO - Found 100 manual links on https://www.manua.ls/computers-and-accessories/laptops?p=110
2025-11-12 18:00:24,203 - src.scraper - INFO - Scraping page 111/151
2025-11-12 18:00:24,655 - src.scraper - INFO - Found 100 manual links on https://www.manua.ls/computers-and-accessories/laptops?p=111
2025-11-12 18:00:25,657 - src.scraper - INFO - Scraping page 112/151
2025-11-12 18:00:26,152 - src.scraper - INFO - Found 100 manual links on https://www.manua.ls/computers-and-accessories/laptops?p=112
2025-11-12 18:00:27,153 - src.scraper - INFO - Scraping page 113/151
2025-11-12 18:00:27,671 - src.scraper - INFO - Found 100 manual links on https://www.manua.ls/computers-and-accessories/laptops?p=113
2025-11-12 18:00:28,673 - src.scraper - INFO - Scraping page 114/151
2025-11-12 18:00:29,159 - src.scraper - INFO - Found 100 manual links on https://www.manua.ls/computers-and-accessories/laptops?p=114
2025-11-12 18:00:30,160 - src.scraper - INFO - Scraping page 115/151
2025-11-12 18:00:30,675 - src.scraper - INFO - Found 100 manual links on https://www.manua.ls/computers-and-accessories/laptops?p=115
2025-11-12 18:00:31,677 - src.scraper - INFO - Scraping page 116/151
2025-11-12 18:00:32,096 - src.scraper - INFO - Found 100 manual links on https://www.manua.ls/computers-and-accessories/laptops?p=116
2025-11-12 18:00:33,097 - src.scraper - INFO - Scraping page 117/151
2025-11-12 18:00:33,672 - src.scraper - INFO - Found 100 manual links on https://www.manua.ls/computers-and-accessories/laptops?p=117
2025-11-12 18:00:34,674 - src.scraper - INFO - Scraping page 118/151
2025-11-12 18:00:35,167 - src.scraper - INFO - Found 100 manual links on https://www.manua.ls/computers-and-accessories/laptops?p=118
2025-11-12 18:00:36,168 - src.scraper - INFO - Scraping page 119/151
2025-11-12 18:00:36,675 - src.scraper - INFO - Found 100 manual links on https://www.manua.ls/computers-and-accessories/laptops?p=119
2025-11-12 18:00:37,676 - src.scraper - INFO - Scraping page 120/151
2025-11-12 18:00:38,212 - src.scraper - INFO - Found 100 manual links on https://www.manua.ls/computers-and-accessories/laptops?p=120
2025-11-12 18:00:39,214 - src.scraper - INFO - Scraping page 121/151
2025-11-12 18:00:39,727 - src.scraper - INFO - Found 100 manual links on https://www.manua.ls/computers-and-accessories/laptops?p=121
2025-11-12 18:00:40,728 - src.scraper - INFO - Scraping page 122/151
2025-11-12 18:00:41,211 - src.scraper - INFO - Found 100 manual links on https://www.manua.ls/computers-and-accessories/laptops?p=122
2025-11-12 18:00:42,213 - src.scraper - INFO - Scraping page 123/151
2025-11-12 18:00:42,646 - src.scraper - INFO - Found 100 manual links on https://www.manua.ls/computers-and-accessories/laptops?p=123
2025-11-12 18:00:43,647 - src.scraper - INFO - Scraping page 124/151
2025-11-12 18:00:44,135 - src.scraper - INFO - Found 100 manual links on https://www.manua.ls/computers-and-accessories/laptops?p=124
2025-11-12 18:00:45,137 - src.scraper - INFO - Scraping page 125/151
2025-11-12 18:00:45,655 - src.scraper - INFO - Found 100 manual links on https://www.manua.ls/computers-and-accessories/laptops?p=125
2025-11-12 18:00:46,656 - src.scraper - INFO - Scraping page 126/151
2025-11-12 18:00:47,189 - src.scraper - INFO - Found 100 manual links on https://www.manua.ls/computers-and-accessories/laptops?p=126
2025-11-12 18:00:48,191 - src.scraper - INFO - Scraping page 127/151
2025-11-12 18:00:48,697 - src.scraper - INFO - Found 100 manual links on https://www.manua.ls/computers-and-accessories/laptops?p=127
2025-11-12 18:00:49,698 - src.scraper - INFO - Scraping page 128/151
2025-11-12 18:00:50,402 - src.scraper - INFO - Found 100 manual links on https://www.manua.ls/computers-and-accessories/laptops?p=128
2025-11-12 18:00:51,403 - src.scraper - INFO - Scraping page 129/151
2025-11-12 18:00:51,914 - src.scraper - INFO - Found 100 manual links on https://www.manua.ls/computers-and-accessories/laptops?p=129
2025-11-12 18:00:52,915 - src.scraper - INFO - Scraping page 130/151
2025-11-12 18:00:53,363 - src.scraper - INFO - Found 100 manual links on https://www.manua.ls/computers-and-accessories/laptops?p=130
2025-11-12 18:00:54,365 - src.scraper - INFO - Scraping page 131/151
2025-11-12 18:00:54,819 - src.scraper - INFO - Found 100 manual links on https://www.manua.ls/computers-and-accessories/laptops?p=131
2025-11-12 18:00:55,820 - src.scraper - INFO - Scraping page 132/151
2025-11-12 18:00:56,247 - src.scraper - INFO - Found 100 manual links on https://www.manua.ls/computers-and-accessories/laptops?p=132
2025-11-12 18:00:57,248 - src.scraper - INFO - Scraping page 133/151
2025-11-12 18:00:57,732 - src.scraper - INFO - Found 100 manual links on https://www.manua.ls/computers-and-accessories/laptops?p=133
2025-11-12 18:00:58,733 - src.scraper - INFO - Scraping page 134/151
2025-11-12 18:00:59,242 - src.scraper - INFO - Found 100 manual links on https://www.manua.ls/computers-and-accessories/laptops?p=134
2025-11-12 18:01:00,244 - src.scraper - INFO - Scraping page 135/151
2025-11-12 18:01:00,747 - src.scraper - INFO - Found 100 manual links on https://www.manua.ls/computers-and-accessories/laptops?p=135
2025-11-12 18:01:01,748 - src.scraper - INFO - Scraping page 136/151
2025-11-12 18:01:02,156 - src.scraper - INFO - Found 100 manual links on https://www.manua.ls/computers-and-accessories/laptops?p=136
2025-11-12 18:01:03,157 - src.scraper - INFO - Scraping page 137/151
2025-11-12 18:01:03,684 - src.scraper - INFO - Found 100 manual links on https://www.manua.ls/computers-and-accessories/laptops?p=137
2025-11-12 18:01:04,685 - src.scraper - INFO - Scraping page 138/151
2025-11-12 18:01:05,122 - src.scraper - INFO - Found 100 manual links on https://www.manua.ls/computers-and-accessories/laptops?p=138
2025-11-12 18:01:06,123 - src.scraper - INFO - Scraping page 139/151
2025-11-12 18:01:06,672 - src.scraper - INFO - Found 100 manual links on https://www.manua.ls/computers-and-accessories/laptops?p=139
2025-11-12 18:01:07,673 - src.scraper - INFO - Scraping page 140/151
2025-11-12 18:01:08,156 - src.scraper - INFO - Found 100 manual links on https://www.manua.ls/computers-and-accessories/laptops?p=140
2025-11-12 18:01:09,157 - src.scraper - INFO - Scraping page 141/151
2025-11-12 18:01:09,672 - src.scraper - INFO - Found 100 manual links on https://www.manua.ls/computers-and-accessories/laptops?p=141
2025-11-12 18:01:10,673 - src.scraper - INFO - Scraping page 142/151
2025-11-12 18:01:11,203 - src.scraper - INFO - Found 100 manual links on https://www.manua.ls/computers-and-accessories/laptops?p=142
2025-11-12 18:01:12,204 - src.scraper - INFO - Scraping page 143/151
2025-11-12 18:01:12,748 - src.scraper - INFO - Found 100 manual links on https://www.manua.ls/computers-and-accessories/laptops?p=143
2025-11-12 18:01:13,749 - src.scraper - INFO - Scraping page 144/151
2025-11-12 18:01:14,193 - src.scraper - INFO - Found 100 manual links on https://www.manua.ls/computers-and-accessories/laptops?p=144
2025-11-12 18:01:15,194 - src.scraper - INFO - Scraping page 145/151
2025-11-12 18:01:15,708 - src.scraper - INFO - Found 100 manual links on https://www.manua.ls/computers-and-accessories/laptops?p=145
2025-11-12 18:01:16,710 - src.scraper - INFO - Scraping page 146/151
2025-11-12 18:01:17,217 - src.scraper - INFO - Found 100 manual links on https://www.manua.ls/computers-and-accessories/laptops?p=146
2025-11-12 18:01:18,218 - src.scraper - INFO - Scraping page 147/151
2025-11-12 18:01:18,806 - src.scraper - INFO - Found 100 manual links on https://www.manua.ls/computers-and-accessories/laptops?p=147
2025-11-12 18:01:19,808 - src.scraper - INFO - Scraping page 148/151
2025-11-12 18:01:20,200 - src.scraper - INFO - Found 100 manual links on https://www.manua.ls/computers-and-accessories/laptops?p=148
2025-11-12 18:01:21,200 - src.scraper - INFO - Scraping page 149/151
2025-11-12 18:01:21,732 - src.scraper - INFO - Found 100 manual links on https://www.manua.ls/computers-and-accessories/laptops?p=149
2025-11-12 18:01:22,733 - src.scraper - INFO - Scraping page 150/151
2025-11-12 18:01:23,275 - src.scraper - INFO - Found 100 manual links on https://www.manua.ls/computers-and-accessories/laptops?p=150
2025-11-12 18:01:24,275 - src.scraper - INFO - Scraping page 151/151
2025-11-12 18:01:24,833 - src.scraper - INFO - Found 100 manual links on https://www.manua.ls/computers-and-accessories/laptops?p=151
2025-11-12 18:01:25,835 - src.scraper - INFO - Found total of 15100 manuals for laptops
2025-11-12 18:01:25,836 - src.scraper - INFO - 14952 new manuals to download for laptops
2025-11-12 18:01:25,837 - src.scraper - INFO - Starting download of 14952 laptops manuals
2025-11-12 18:01:27,712 - src.text_extractor - INFO - Extracting text from: Acer_Aspire One 722_1810pages.txt
2025-11-12 18:01:27,872 - src.text_extractor - INFO - Extracting text from: Dell_Vostro 16_95pages.txt
2025-11-12 18:01:27,911 - src.text_extractor - INFO - Extracting text from: Dell_Vostro 16_95pages.txt
2025-11-12 18:01:27,920 - src.text_extractor - INFO - Extracting text from: Asus_TUF Gaming A17_110pages.txt
2025-11-12 18:01:28,004 - src.text_extractor - INFO - Extracting text from: NEC_VersaPro type VG VK18T_G-G_531pages.txt
2025-11-12 18:01:28,984 - src.text_extractor - INFO - Extracting 1810 pages of content...
2025-11-12 18:01:29,264 - src.text_extractor - INFO - Extracting 95 pages of content...
2025-11-12 18:01:29,353 - src.text_extractor - INFO - Extracting 95 pages of content...
2025-11-12 18:01:29,483 - src.text_extractor - INFO - Extracting 110 pages of content...
2025-11-12 18:01:29,679 - src.text_extractor - INFO - Extracting 531 pages of content...
2025-11-12 18:03:08,263 - src.text_extractor - INFO - Successfully saved: Dell_Vostro 16_95pages.txt (80764 chars)
2025-11-12 18:03:08,273 - src.text_extractor - INFO - Successfully saved: Dell_Vostro 16_95pages.txt (80764 chars)
2025-11-12 18:03:10,739 - src.text_extractor - INFO - Successfully saved: Asus_TUF Gaming A17_110pages.txt (38350 chars)
2025-11-12 18:03:10,846 - src.text_extractor - INFO - Extracting text from: MSI_Stealth 16 Mercedes AMG_80pages.txt
2025-11-12 18:03:10,886 - src.text_extractor - INFO - Extracting text from: Samsung_NC20_210pages.txt
2025-11-12 18:03:12,171 - src.text_extractor - INFO - Extracting 80 pages of content...
2025-11-12 18:03:12,313 - src.text_extractor - INFO - Extracting 210 pages of content...
2025-11-12 18:03:13,602 - src.text_extractor - INFO - Extracting text from: Acer_Nitro 17_102pages.txt
2025-11-12 18:03:15,028 - src.text_extractor - INFO - Extracting 102 pages of content...
2025-11-12 18:04:22,642 - src.text_extractor - INFO - Successfully saved: MSI_Stealth 16 Mercedes AMG_80pages.txt (12196 chars)
2025-11-12 18:04:25,495 - src.text_extractor - INFO - Extracting text from: Apple_MacBook Pro 15__72pages.txt
2025-11-12 18:04:26,952 - src.text_extractor - INFO - Extracting 72 pages of content...
2025-11-12 18:04:53,146 - src.text_extractor - INFO - Successfully saved: Acer_Nitro 17_102pages.txt (30877 chars)
2025-11-12 18:04:56,334 - src.text_extractor - INFO - Extracting text from: Acer_Aspire E15_83pages.txt
2025-11-12 18:04:57,904 - src.text_extractor - INFO - Extracting 83 pages of content...
