2025-11-12 18:15:36,547 - src.playwright_text_extractor - INFO - Loading manual page with Playwright...
2025-11-12 18:15:48,760 - src.playwright_text_extractor - INFO - Extracting 114 pages of content with Playwright...
2025-11-12 18:16:24,675 - src.playwright_text_extractor - WARNING - Error loading page 2: Timeout 30000ms exceeded.
2025-11-12 18:17:09,643 - src.playwright_text_extractor - WARNING - Error loading page 5: Timeout 30000ms exceeded.
2025-11-12 18:17:51,937 - src.playwright_text_extractor - WARNING - Error loading page 8: Timeout 30000ms exceeded.
2025-11-12 18:18:21,943 - src.playwright_text_extractor - WARNING - Error loading page 9: Timeout 30000ms exceeded.
2025-11-12 18:18:59,577 - src.playwright_text_extractor - WARNING - Error loading page 11: Timeout 30000ms exceeded.
2025-11-12 18:20:22,978 - src.playwright_text_extractor - WARNING - Error loading page 19: Timeout 30000ms exceeded.
2025-11-12 18:20:52,990 - src.playwright_text_extractor - WARNING - Error loading page 20: Timeout 30000ms exceeded.
2025-11-12 18:21:30,454 - src.playwright_text_extractor - WARNING - Error loading page 22: Timeout 30000ms exceeded.
2025-11-12 18:22:15,177 - src.playwright_text_extractor - WARNING - Error loading page 25: Timeout 30000ms exceeded.
2025-11-12 18:22:45,203 - src.playwright_text_extractor - WARNING - Error loading page 26: Timeout 30000ms exceeded.
2025-11-12 18:23:20,405 - src.playwright_text_extractor - WARNING - Error loading page 31: Target page, context or browser has been closed
2025-11-12 18:23:20,417 - src.playwright_text_extractor - WARNING - Error loading page 32: The object has been collected to prevent unbounded heap growth.
2025-11-12 18:23:20,425 - src.playwright_text_extractor - WARNING - Error loading page 33: The object has been collected to prevent unbounded heap growth.
2025-11-12 18:23:20,433 - src.playwright_text_extractor - WARNING - Error loading page 34: The object has been collected to prevent unbounded heap growth.
2025-11-12 18:23:20,443 - src.playwright_text_extractor - WARNING - Error loading page 35: The object has been collected to prevent unbounded heap growth.
2025-11-12 18:23:20,453 - src.playwright_text_extractor - WARNING - Error loading page 36: The object has been collected to prevent unbounded heap growth.
2025-11-12 18:23:20,462 - src.playwright_text_extractor - WARNING - Error loading page 37: The object has been collected to prevent unbounded heap growth.
2025-11-12 18:23:20,472 - src.playwright_text_extractor - WARNING - Error loading page 38: The object has been collected to prevent unbounded heap growth.
2025-11-12 18:23:20,480 - src.playwright_text_extractor - WARNING - Error loading page 39: The object has been collected to prevent unbounded heap growth.
2025-11-12 18:23:20,488 - src.playwright_text_extractor - WARNING - Error loading page 40: The object has been collected to prevent unbounded heap growth.
2025-11-12 18:23:20,496 - src.playwright_text_extractor - WARNING - Error loading page 41: The object has been collected to prevent unbounded heap growth.
2025-11-12 18:23:20,504 - src.playwright_text_extractor - WARNING - Error loading page 42: The object has been collected to prevent unbounded heap growth.
2025-11-12 18:23:20,512 - src.playwright_text_extractor - WARNING - Error loading page 43: The object has been collected to prevent unbounded heap growth.
2025-11-12 18:23:20,520 - src.playwright_text_extractor - WARNING - Error loading page 44: The object has been collected to prevent unbounded heap growth.
2025-11-12 18:23:20,527 - src.playwright_text_extractor - WARNING - Error loading page 45: The object has been collected to prevent unbounded heap growth.
2025-11-12 18:23:20,532 - src.playwright_text_extractor - WARNING - Error loading page 46: The object has been collected to prevent unbounded heap growth.
2025-11-12 18:23:20,539 - src.playwright_text_extractor - WARNING - Error loading page 47: The object has been collected to prevent unbounded heap growth.
2025-11-12 18:23:20,546 - src.playwright_text_extractor - WARNING - Error loading page 48: The object has been collected to prevent unbounded heap growth.
2025-11-12 18:23:20,557 - src.playwright_text_extractor - WARNING - Error loading page 49: The object has been collected to prevent unbounded heap growth.
2025-11-12 18:23:20,568 - src.playwright_text_extractor - WARNING - Error loading page 50: The object has been collected to prevent unbounded heap growth.
2025-11-12 18:23:20,575 - src.playwright_text_extractor - WARNING - Error loading page 51: The object has been collected to prevent unbounded heap growth.
2025-11-12 18:23:20,582 - src.playwright_text_extractor - WARNING - Error loading page 52: The object has been collected to prevent unbounded heap growth.
2025-11-12 18:23:20,601 - src.playwright_text_extractor - WARNING - Error loading page 53: The object has been collected to prevent unbounded heap growth.
2025-11-12 18:23:20,646 - src.playwright_text_extractor - WARNING - Error loading page 54: The object has been collected to prevent unbounded heap growth.
2025-11-12 18:23:20,655 - src.playwright_text_extractor - WARNING - Error loading page 55: The object has been collected to prevent unbounded heap growth.
2025-11-12 18:23:20,662 - src.playwright_text_extractor - WARNING - Error loading page 56: The object has been collected to prevent unbounded heap growth.
2025-11-12 18:23:20,668 - src.playwright_text_extractor - WARNING - Error loading page 57: The object has been collected to prevent unbounded heap growth.
2025-11-12 18:23:20,675 - src.playwright_text_extractor - WARNING - Error loading page 58: The object has been collected to prevent unbounded heap growth.
2025-11-12 18:23:20,680 - src.playwright_text_extractor - WARNING - Error loading page 59: The object has been collected to prevent unbounded heap growth.
2025-11-12 18:23:20,687 - src.playwright_text_extractor - WARNING - Error loading page 60: The object has been collected to prevent unbounded heap growth.
2025-11-12 18:23:20,694 - src.playwright_text_extractor - WARNING - Error loading page 61: The object has been collected to prevent unbounded heap growth.
2025-11-12 18:23:20,701 - src.playwright_text_extractor - WARNING - Error loading page 62: The object has been collected to prevent unbounded heap growth.
2025-11-12 18:23:20,709 - src.playwright_text_extractor - WARNING - Error loading page 63: The object has been collected to prevent unbounded heap growth.
2025-11-12 18:23:20,718 - src.playwright_text_extractor - WARNING - Error loading page 64: The object has been collected to prevent unbounded heap growth.
2025-11-12 18:23:20,725 - src.playwright_text_extractor - WARNING - Error loading page 65: The object has been collected to prevent unbounded heap growth.
2025-11-12 18:23:20,736 - src.playwright_text_extractor - WARNING - Error loading page 66: The object has been collected to prevent unbounded heap growth.
2025-11-12 18:23:20,743 - src.playwright_text_extractor - WARNING - Error loading page 67: The object has been collected to prevent unbounded heap growth.
2025-11-12 18:23:20,754 - src.playwright_text_extractor - WARNING - Error loading page 68: The object has been collected to prevent unbounded heap growth.
2025-11-12 18:23:20,765 - src.playwright_text_extractor - WARNING - Error loading page 69: The object has been collected to prevent unbounded heap growth.
2025-11-12 18:23:20,774 - src.playwright_text_extractor - WARNING - Error loading page 70: The object has been collected to prevent unbounded heap growth.
2025-11-12 18:23:20,781 - src.playwright_text_extractor - WARNING - Error loading page 71: The object has been collected to prevent unbounded heap growth.
2025-11-12 18:23:20,789 - src.playwright_text_extractor - WARNING - Error loading page 72: The object has been collected to prevent unbounded heap growth.
2025-11-12 18:23:20,797 - src.playwright_text_extractor - WARNING - Error loading page 73: The object has been collected to prevent unbounded heap growth.
2025-11-12 18:23:20,804 - src.playwright_text_extractor - WARNING - Error loading page 74: The object has been collected to prevent unbounded heap growth.
2025-11-12 18:23:20,812 - src.playwright_text_extractor - WARNING - Error loading page 75: The object has been collected to prevent unbounded heap growth.
2025-11-12 18:23:20,818 - src.playwright_text_extractor - WARNING - Error loading page 76: The object has been collected to prevent unbounded heap growth.
2025-11-12 18:23:20,825 - src.playwright_text_extractor - WARNING - Error loading page 77: The object has been collected to prevent unbounded heap growth.
2025-11-12 18:23:20,832 - src.playwright_text_extractor - WARNING - Error loading page 78: The object has been collected to prevent unbounded heap growth.
2025-11-12 18:23:20,838 - src.playwright_text_extractor - WARNING - Error loading page 79: The object has been collected to prevent unbounded heap growth.
2025-11-12 18:23:20,845 - src.playwright_text_extractor - WARNING - Error loading page 80: The object has been collected to prevent unbounded heap growth.
2025-11-12 18:23:20,852 - src.playwright_text_extractor - WARNING - Error loading page 81: The object has been collected to prevent unbounded heap growth.
2025-11-12 18:23:20,860 - src.playwright_text_extractor - WARNING - Error loading page 82: The object has been collected to prevent unbounded heap growth.
2025-11-12 18:23:20,869 - src.playwright_text_extractor - WARNING - Error loading page 83: The object has been collected to prevent unbounded heap growth.
2025-11-12 18:23:20,880 - src.playwright_text_extractor - WARNING - Error loading page 84: The object has been collected to prevent unbounded heap growth.
2025-11-12 18:23:20,887 - src.playwright_text_extractor - WARNING - Error loading page 85: The object has been collected to prevent unbounded heap growth.
2025-11-12 18:23:20,894 - src.playwright_text_extractor - WARNING - Error loading page 86: The object has been collected to prevent unbounded heap growth.
2025-11-12 18:23:20,900 - src.playwright_text_extractor - WARNING - Error loading page 87: The object has been collected to prevent unbounded heap growth.
2025-11-12 18:23:20,906 - src.playwright_text_extractor - WARNING - Error loading page 88: The object has been collected to prevent unbounded heap growth.
2025-11-12 18:23:20,912 - src.playwright_text_extractor - WARNING - Error loading page 89: The object has been collected to prevent unbounded heap growth.
2025-11-12 18:23:20,921 - src.playwright_text_extractor - WARNING - Error loading page 90: The object has been collected to prevent unbounded heap growth.
2025-11-12 18:23:20,927 - src.playwright_text_extractor - WARNING - Error loading page 91: The object has been collected to prevent unbounded heap growth.
2025-11-12 18:23:20,937 - src.playwright_text_extractor - WARNING - Error loading page 92: The object has been collected to prevent unbounded heap growth.
2025-11-12 18:23:20,945 - src.playwright_text_extractor - WARNING - Error loading page 93: The object has been collected to prevent unbounded heap growth.
2025-11-12 18:23:20,971 - src.playwright_text_extractor - WARNING - Error loading page 94: The object has been collected to prevent unbounded heap growth.
2025-11-12 18:23:21,011 - src.playwright_text_extractor - WARNING - Error loading page 95: The object has been collected to prevent unbounded heap growth.
2025-11-12 18:23:21,021 - src.playwright_text_extractor - WARNING - Error loading page 96: The object has been collected to prevent unbounded heap growth.
2025-11-12 18:23:21,027 - src.playwright_text_extractor - WARNING - Error loading page 97: The object has been collected to prevent unbounded heap growth.
2025-11-12 18:23:21,033 - src.playwright_text_extractor - WARNING - Error loading page 98: The object has been collected to prevent unbounded heap growth.
2025-11-12 18:23:21,040 - src.playwright_text_extractor - WARNING - Error loading page 99: The object has been collected to prevent unbounded heap growth.
2025-11-12 18:23:21,047 - src.playwright_text_extractor - WARNING - Error loading page 100: The object has been collected to prevent unbounded heap growth.
2025-11-12 18:23:21,053 - src.playwright_text_extractor - WARNING - Error loading page 101: The object has been collected to prevent unbounded heap growth.
2025-11-12 18:23:21,060 - src.playwright_text_extractor - WARNING - Error loading page 102: The object has been collected to prevent unbounded heap growth.
2025-11-12 18:23:21,070 - src.playwright_text_extractor - WARNING - Error loading page 103: The object has been collected to prevent unbounded heap growth.
2025-11-12 18:23:21,079 - src.playwright_text_extractor - WARNING - Error loading page 104: The object has been collected to prevent unbounded heap growth.
2025-11-12 18:23:21,087 - src.playwright_text_extractor - WARNING - Error loading page 105: The object has been collected to prevent unbounded heap growth.
2025-11-12 18:23:21,093 - src.playwright_text_extractor - WARNING - Error loading page 106: The object has been collected to prevent unbounded heap growth.
2025-11-12 18:23:21,099 - src.playwright_text_extractor - WARNING - Error loading page 107: The object has been collected to prevent unbounded heap growth.
2025-11-12 18:23:21,105 - src.playwright_text_extractor - WARNING - Error loading page 108: The object has been collected to prevent unbounded heap growth.
2025-11-12 18:23:21,113 - src.playwright_text_extractor - WARNING - Error loading page 109: The object has been collected to prevent unbounded heap growth.
2025-11-12 18:23:21,121 - src.playwright_text_extractor - WARNING - Error loading page 110: The object has been collected to prevent unbounded heap growth.
2025-11-12 18:23:21,131 - src.playwright_text_extractor - WARNING - Error loading page 111: The object has been collected to prevent unbounded heap growth.
2025-11-12 18:23:21,140 - src.playwright_text_extractor - WARNING - Error loading page 112: The object has been collected to prevent unbounded heap growth.
2025-11-12 18:23:21,147 - src.playwright_text_extractor - WARNING - Error loading page 113: The object has been collected to prevent unbounded heap growth.
2025-11-12 18:23:21,153 - src.playwright_text_extractor - WARNING - Error loading page 114: The object has been collected to prevent unbounded heap growth.
