2025-11-12 17:53:46,656 - __main__ - INFO - Starting scraper for: laptops, desktops
2025-11-12 17:53:46,657 - src.scraper - INFO - ==================================================
2025-11-12 17:53:46,657 - src.scraper - INFO - Starting manua.ls scraper
2025-11-12 17:53:46,657 - src.scraper - INFO - ==================================================
2025-11-12 17:53:46,657 - src.scraper - INFO - 
Processing category: laptops
2025-11-12 17:53:46,657 - src.scraper - INFO - --------------------------------------------------
2025-11-12 17:53:46,658 - src.scraper - INFO - Starting scrape of laptops from https://www.manua.ls/computers-and-accessories/laptops
2025-11-12 17:53:47,300 - src.scraper - INFO - Found 100 pages for https://www.manua.ls/computers-and-accessories/laptops
2025-11-12 17:53:47,300 - src.scraper - INFO - Will scrape 100 pages for laptops
2025-11-12 17:53:47,300 - src.scraper - INFO - Scraping page 1/100
2025-11-12 17:53:47,513 - src.scraper - INFO - Found 100 manual links on https://www.manua.ls/computers-and-accessories/laptops
2025-11-12 17:53:48,514 - src.scraper - INFO - Scraping page 2/100
2025-11-12 17:53:48,994 - src.scraper - INFO - Found 100 manual links on https://www.manua.ls/computers-and-accessories/laptops?p=2
2025-11-12 17:53:49,994 - src.scraper - INFO - Scraping page 3/100
2025-11-12 17:53:50,449 - src.scraper - INFO - Found 100 manual links on https://www.manua.ls/computers-and-accessories/laptops?p=3
2025-11-12 17:53:51,450 - src.scraper - INFO - Scraping page 4/100
2025-11-12 17:53:52,006 - src.scraper - INFO - Found 100 manual links on https://www.manua.ls/computers-and-accessories/laptops?p=4
2025-11-12 17:53:53,008 - src.scraper - INFO - Scraping page 5/100
2025-11-12 17:53:53,506 - src.scraper - INFO - Found 100 manual links on https://www.manua.ls/computers-and-accessories/laptops?p=5
2025-11-12 17:53:54,508 - src.scraper - INFO - Scraping page 6/100
2025-11-12 17:53:54,917 - src.scraper - INFO - Found 100 manual links on https://www.manua.ls/computers-and-accessories/laptops?p=6
2025-11-12 17:53:55,917 - src.scraper - INFO - Scraping page 7/100
2025-11-12 17:53:56,712 - src.scraper - INFO - Found 100 manual links on https://www.manua.ls/computers-and-accessories/laptops?p=7
2025-11-12 17:53:57,713 - src.scraper - INFO - Scraping page 8/100
2025-11-12 17:53:58,226 - src.scraper - INFO - Found 100 manual links on https://www.manua.ls/computers-and-accessories/laptops?p=8
2025-11-12 17:53:59,227 - src.scraper - INFO - Scraping page 9/100
